<?xml version="1.0" encoding="UTF-8"?>
<!-- Generated by org.testng.reporters.JUnitReportReporter -->
<testsuite hostname="muhannad" failures="0" tests="3" name="muhannad.com.muhannadtraining.NewTest" time="0.007" errors="0" timestamp="2024-04-13T11:11:58 EDT" skipped="0">
  <testcase classname="muhannad.com.muhannadtraining.NewTest" name="f" time="0.003"/>
  <testcase classname="muhannad.com.muhannadtraining.NewTest" name="testthird" time="0.001"/>
  <testcase classname="muhannad.com.muhannadtraining.NewTest" name="testseconmd" time="0.003"/>
</testsuite> <!-- muhannad.com.muhannadtraining.NewTest -->
